2024-06-20T02:25:42.287Z [error]: error
2024-06-20T02:26:09.926Z [error]: error
2024-06-20T02:26:15.230Z [error]: error
{"level":"error","message":"Cannot read properties of undefined (reading 'user_id')","timestamp":"2024-06-20T05:09:04.186Z"}
{"level":"error","message":"Cannot read properties of undefined (reading 'user_id')","timestamp":"2024-06-20T05:09:28.682Z"}
{"level":"error","message":"Cannot read properties of undefined (reading 'user_id')","timestamp":"2024-06-20T05:11:50.666Z"}
{"level":"error","message":"Cannot read properties of undefined (reading 'user_id')","timestamp":"2024-06-20T05:11:51.839Z"}
{"level":"error","message":"Cannot read properties of undefined (reading 'validate')","timestamp":"2024-06-20T06:41:49.676Z"}
{"level":"error","message":"res.staus is not a function","timestamp":"2024-06-20T08:06:05.702Z"}
{"level":"error","message":"Unexpected field","timestamp":"2024-06-20T08:06:55.862Z"}
{"level":"error","message":"Dictionary: Expected successfully upload image to be one of: Null, Undefined, Object.","timestamp":"2024-06-20T08:25:17.303Z"}
{"level":"error","message":"Dictionary: Expected successfully upload image to be one of: Null, Undefined, Object.","timestamp":"2024-06-20T08:25:35.352Z"}
{"level":"error","message":"Dictionary: Expected successfully upload image to be one of: Null, Undefined, Object.","timestamp":"2024-06-20T08:25:36.221Z"}
{"level":"error","message":"Dictionary: Expected successfully upload image to be one of: Null, Undefined, Object.","timestamp":"2024-06-20T08:26:26.924Z"}
{"level":"error","message":"Dictionary: Expected successfully upload image to be one of: Null, Undefined, Object.","timestamp":"2024-06-20T08:27:21.271Z"}
{"level":"error","message":"Dictionary: Expected successfully upload image to be one of: Null, Undefined, Object.","timestamp":"2024-06-20T08:28:00.852Z"}
{"level":"error","message":"Dictionary: Expected successfully upload image to be one of: Null, Undefined, Object.","timestamp":"2024-06-20T08:30:32.821Z"}
{"level":"error","message":"Cannot read properties of undefined (reading 'filename')","timestamp":"2024-06-20T08:35:58.748Z"}
{"level":"error","message":"Cannot read properties of undefined (reading 'filename')","timestamp":"2024-06-20T08:36:06.040Z"}
{"level":"error","message":"Cannot read properties of undefined (reading 'filename')","timestamp":"2024-06-20T08:36:06.793Z"}
{"level":"error","message":"Cannot read properties of undefined (reading 'filename')","timestamp":"2024-06-20T08:38:01.430Z"}
{"level":"error","message":"Cannot read properties of undefined (reading 'filename')","timestamp":"2024-06-20T08:38:17.666Z"}
{"level":"error","message":"Cannot read properties of undefined (reading 'filename')","timestamp":"2024-06-20T08:38:18.566Z"}
{"level":"error","message":"Cannot read properties of undefined (reading 'filename')","timestamp":"2024-06-20T08:38:19.225Z"}
{"level":"error","message":"Cannot read properties of undefined (reading 'filename')","timestamp":"2024-06-20T08:38:19.880Z"}
{"level":"error","message":"Unexpected field","timestamp":"2024-06-20T08:43:28.891Z"}
{"level":"error","message":"Unexpected field","timestamp":"2024-06-20T08:43:31.207Z"}
{"level":"error","message":"Unexpected field","timestamp":"2024-06-20T08:43:31.899Z"}
{"level":"error","message":"Unexpected field","timestamp":"2024-06-20T08:43:32.622Z"}
{"level":"error","message":"Unexpected field","timestamp":"2024-06-20T08:43:33.456Z"}
{"level":"error","message":"Unexpected field","timestamp":"2024-06-20T08:43:50.009Z"}
{"level":"error","message":"Unexpected field","timestamp":"2024-06-20T08:43:50.520Z"}
{"level":"error","message":"Unexpected field","timestamp":"2024-06-20T08:43:52.198Z"}
{"level":"error","message":"Unexpected field","timestamp":"2024-06-20T08:43:52.554Z"}
{"level":"error","message":"Unexpected field","timestamp":"2024-06-20T08:43:54.047Z"}
{"level":"error","message":"Unexpected field","timestamp":"2024-06-20T08:43:54.490Z"}
{"level":"error","message":"Unexpected field","timestamp":"2024-06-20T08:43:54.910Z"}
{"level":"error","message":"Unexpected field","timestamp":"2024-06-20T08:43:56.178Z"}
{"level":"error","message":"Unexpected field","timestamp":"2024-06-20T08:43:56.583Z"}
{"level":"error","message":"Unexpected field","timestamp":"2024-06-20T08:43:57.011Z"}
{"level":"error","message":"Unexpected field","timestamp":"2024-06-20T08:43:57.323Z"}
{"level":"error","message":"Unexpected field","timestamp":"2024-06-20T08:43:57.720Z"}
{"level":"error","message":"Unexpected field","timestamp":"2024-06-20T08:43:58.142Z"}
{"level":"error","message":"Unexpected field","timestamp":"2024-06-20T08:43:58.518Z"}
{"level":"error","message":"Unexpected field","timestamp":"2024-06-20T08:43:58.963Z"}
{"level":"error","message":"Unexpected field","timestamp":"2024-06-20T08:43:59.425Z"}
{"level":"error","message":"Unexpected field","timestamp":"2024-06-20T09:31:51.080Z"}
{"level":"error","message":"Unexpected token '}', ...\"\r\n    \"\"\r\n}\" is not valid JSON","timestamp":"2024-06-20T09:47:45.242Z"}
{"level":"error","message":"Expected double-quoted property name in JSON at position 57","timestamp":"2024-06-20T09:47:48.922Z"}
{"level":"error","message":"\nInvalid `database.products.create()` invocation in\nE:\\pemanasan-ngoding\\cofee-app\\api\\test\\test-utils.js:47:27\n\n  44 };\n  45 \n  46 export const createProductTest = async () => {\n→ 47   await database.products.create({\n         id: \"testing\",\n         ~~\n         name: \"testing\",\n         price: 0,\n         img: \"testing.png\",\n         description: \"testing\",\n         stocks: true,\n       ? data?: productsCreateInput | productsUncheckedCreateInput\n       })\n\nUnknown argument `id`. Available options are marked with ?.","target":"products.create","timestamp":"2024-06-20T10:39:04.623Z"}
{"level":"error","message":"\nInvalid `database.admin.create()` invocation in\nE:\\pemanasan-ngoding\\cofee-app\\api\\test\\test-utils.js:28:30\n\n  25 };\n  26 \n  27 export const createAdminTest = async () => {\n→ 28   await database.admin.create(\nUnique constraint failed on the constraint: `PRIMARY`","target":"admin.create","timestamp":"2024-06-20T11:15:14.835Z"}
{"level":"error","message":"\nInvalid `database.admin.create()` invocation in\nE:\\pemanasan-ngoding\\cofee-app\\api\\test\\test-utils.js:28:30\n\n  25 };\n  26 \n  27 export const createAdminTest = async () => {\n→ 28   await database.admin.create(\nUnique constraint failed on the constraint: `PRIMARY`","target":"admin.create","timestamp":"2024-06-20T11:15:16.203Z"}
{"level":"error","message":"\nInvalid `database.admin.create()` invocation in\nE:\\pemanasan-ngoding\\cofee-app\\api\\test\\test-utils.js:28:30\n\n  25 };\n  26 \n  27 export const createAdminTest = async () => {\n→ 28   await database.admin.create(\nUnique constraint failed on the constraint: `PRIMARY`","target":"admin.create","timestamp":"2024-06-20T11:15:17.563Z"}
{"level":"error","message":"\nInvalid `database.admin.create()` invocation in\nE:\\pemanasan-ngoding\\cofee-app\\api\\test\\test-utils.js:28:30\n\n  25 };\n  26 \n  27 export const createAdminTest = async () => {\n→ 28   await database.admin.create(\nUnique constraint failed on the constraint: `PRIMARY`","target":"admin.create","timestamp":"2024-06-20T11:15:18.803Z"}
{"level":"error","message":"prismaClient is not defined","timestamp":"2024-06-20T13:33:21.535Z"}
{"level":"error","message":"prismaClient is not defined","timestamp":"2024-06-20T13:33:22.436Z"}
{"level":"error","message":"\nInvalid `database.products.create()` invocation in\nE:\\pemanasan-ngoding\\cofee-app\\api\\test\\test-utils.js:47:27\n\n  44 };\n  45 \n  46 export const createProductTest = async () => {\n→ 47   await database.products.create(\nUnique constraint failed on the constraint: `PRIMARY`","target":"products.create","timestamp":"2024-06-20T13:41:57.957Z"}
